c:\users\владимир\source\repos\project7\project7\debug\vc142.pdb
c:\users\владимир\source\repos\project7\project7\debug\vc142.idb
c:\users\владимир\source\repos\project7\project7\debug\viewer.obj
c:\users\владимир\source\repos\project7\project7\debug\admin.obj
c:\users\владимир\source\repos\project7\project7\debug\main.obj
c:\users\владимир\source\repos\project7\project7\debug\doctor.obj
c:\users\владимир\source\repos\project7\project7\debug\sha256.obj
c:\users\владимир\source\repos\project7\project7\debug\record.obj
c:\users\владимир\source\repos\project7\project7\debug\authorization.obj
c:\users\владимир\source\repos\project7\project7\debug\sortforclasses.obj
c:\users\владимир\source\repos\project7\debug\project7.exe
c:\users\владимир\source\repos\project7\debug\project7.ilk
c:\users\владимир\source\repos\project7\debug\project7.pdb
c:\users\владимир\source\repos\project7\project7\debug\project7.tlog\cl.command.1.tlog
c:\users\владимир\source\repos\project7\project7\debug\project7.tlog\cl.read.1.tlog
c:\users\владимир\source\repos\project7\project7\debug\project7.tlog\cl.write.1.tlog
c:\users\владимир\source\repos\project7\project7\debug\project7.tlog\link-cvtres.read.1.tlog
c:\users\владимир\source\repos\project7\project7\debug\project7.tlog\link-cvtres.write.1.tlog
c:\users\владимир\source\repos\project7\project7\debug\project7.tlog\link-rc.read.1.tlog
c:\users\владимир\source\repos\project7\project7\debug\project7.tlog\link-rc.write.1.tlog
c:\users\владимир\source\repos\project7\project7\debug\project7.tlog\link.15732-cvtres.read.1.tlog
c:\users\владимир\source\repos\project7\project7\debug\project7.tlog\link.15732-cvtres.write.1.tlog
c:\users\владимир\source\repos\project7\project7\debug\project7.tlog\link.15732-rc.read.1.tlog
c:\users\владимир\source\repos\project7\project7\debug\project7.tlog\link.15732-rc.write.1.tlog
c:\users\владимир\source\repos\project7\project7\debug\project7.tlog\link.15732.read.1.tlog
c:\users\владимир\source\repos\project7\project7\debug\project7.tlog\link.15732.write.1.tlog
c:\users\владимир\source\repos\project7\project7\debug\project7.tlog\link.command.1.tlog
c:\users\владимир\source\repos\project7\project7\debug\project7.tlog\link.read.1.tlog
c:\users\владимир\source\repos\project7\project7\debug\project7.tlog\link.write.1.tlog
