  Admin.cpp
C:\Users\Владимир\source\repos\test_project\Project7\Admin.cpp(27,20): warning C4018: <: несоответствие типов со знаком и без знака
C:\Users\Владимир\source\repos\test_project\Project7\Admin.cpp(56,20): warning C4018: <: несоответствие типов со знаком и без знака
C:\Users\Владимир\source\repos\test_project\Project7\Admin.cpp(70,21): warning C4018: >: несоответствие типов со знаком и без знака
C:\Users\Владимир\source\repos\test_project\Project7\Admin.cpp(111,20): warning C4018: <: несоответствие типов со знаком и без знака
C:\Users\Владимир\source\repos\test_project\Project7\Admin.cpp(141,21): warning C4018: <: несоответствие типов со знаком и без знака
C:\Users\Владимир\source\repos\test_project\Project7\Admin.cpp(148,21): warning C4018: <: несоответствие типов со знаком и без знака
C:\Users\Владимир\source\repos\test_project\Project7\Admin.cpp(223,16): warning C4018: <: несоответствие типов со знаком и без знака
C:\Users\Владимир\source\repos\test_project\Project7\Admin.cpp(229,16): warning C4018: <: несоответствие типов со знаком и без знака
C:\Users\Владимир\source\repos\test_project\Project7\Admin.cpp(364,20): warning C4018: <: несоответствие типов со знаком и без знака
  Authorization.cpp
  Doctor.cpp
  main.cpp
C:\Users\Владимир\source\repos\test_project\Project7\main.cpp(8,10): warning C4067: непредвиденные лексемы за директивой препроцессора, требуется newline
  Record.cpp
  sha256.cpp
  SortForClasses.cpp
  Viewer.cpp
  Создание кода...
  Project7.vcxproj -> C:\Users\Владимир\source\repos\test_project\Debug\Project7.exe
